Traceback (most recent call last):
  File "/Users/ryozawau/anaconda3/envs/jupyterbook/lib/python3.12/site-packages/jupyter_cache/executors/utils.py", line 58, in single_nb_execution
    executenb(
  File "/Users/ryozawau/anaconda3/envs/jupyterbook/lib/python3.12/site-packages/nbclient/client.py", line 1305, in execute
    return NotebookClient(nb=nb, resources=resources, km=km, **kwargs).execute()
           ^^^^^^^^^^^^^^^^^^^^^^^^^^^^^^^^^^^^^^^^^^^^^^^^^^^^^^^^^^^^^^^^^^^^^
  File "/Users/ryozawau/anaconda3/envs/jupyterbook/lib/python3.12/site-packages/jupyter_core/utils/__init__.py", line 165, in wrapped
    return loop.run_until_complete(inner)
           ^^^^^^^^^^^^^^^^^^^^^^^^^^^^^^
  File "/Users/ryozawau/anaconda3/envs/jupyterbook/lib/python3.12/asyncio/base_events.py", line 684, in run_until_complete
    return future.result()
           ^^^^^^^^^^^^^^^
  File "/Users/ryozawau/anaconda3/envs/jupyterbook/lib/python3.12/site-packages/nbclient/client.py", line 705, in async_execute
    await self.async_execute_cell(
  File "/Users/ryozawau/anaconda3/envs/jupyterbook/lib/python3.12/site-packages/nbclient/client.py", line 1058, in async_execute_cell
    await self._check_raise_for_error(cell, cell_index, exec_reply)
  File "/Users/ryozawau/anaconda3/envs/jupyterbook/lib/python3.12/site-packages/nbclient/client.py", line 914, in _check_raise_for_error
    raise CellExecutionError.from_cell_and_msg(cell, exec_reply_content)
nbclient.exceptions.CellExecutionError: An error occurred while executing the following cell:
------------------
# !pip install mecab-python3 # mecab-python3ã®ã‚¤ãƒ³ã‚¹ãƒˆãƒ¼ãƒ«
# !pip install unidic
# !python -m unidic download # è¾žæ›¸ã®ãƒ€ã‚¦ãƒ³ãƒ­ãƒ¼ãƒ‰
import MeCab
import unidic
tagger = MeCab.Tagger() 
print(tagger.parse("å‹ãŸã¡ã¨å›½ç«‹æ–°ç¾Žè¡“é¤¨ã«è¡Œã£ãŸã€‚"))
------------------


[0;31m---------------------------------------------------------------------------[0m
[0;31mModuleNotFoundError[0m                       Traceback (most recent call last)
Cell [0;32mIn[6], line 4[0m
[1;32m      1[0m [38;5;66;03m# !pip install mecab-python3 # mecab-python3ã®ã‚¤ãƒ³ã‚¹ãƒˆãƒ¼ãƒ«[39;00m
[1;32m      2[0m [38;5;66;03m# !pip install unidic[39;00m
[1;32m      3[0m [38;5;66;03m# !python -m unidic download # è¾žæ›¸ã®ãƒ€ã‚¦ãƒ³ãƒ­ãƒ¼ãƒ‰[39;00m
[0;32m----> 4[0m [38;5;28;01mimport[39;00m [38;5;21;01mMeCab[39;00m
[1;32m      5[0m [38;5;28;01mimport[39;00m [38;5;21;01munidic[39;00m
[1;32m      6[0m tagger [38;5;241m=[39m MeCab[38;5;241m.[39mTagger() 

[0;31mModuleNotFoundError[0m: No module named 'MeCab'

