Traceback (most recent call last):
  File "/Users/ryozawau/anaconda3/envs/jupyterbook/lib/python3.12/site-packages/jupyter_cache/executors/utils.py", line 58, in single_nb_execution
    executenb(
  File "/Users/ryozawau/anaconda3/envs/jupyterbook/lib/python3.12/site-packages/nbclient/client.py", line 1305, in execute
    return NotebookClient(nb=nb, resources=resources, km=km, **kwargs).execute()
           ^^^^^^^^^^^^^^^^^^^^^^^^^^^^^^^^^^^^^^^^^^^^^^^^^^^^^^^^^^^^^^^^^^^^^
  File "/Users/ryozawau/anaconda3/envs/jupyterbook/lib/python3.12/site-packages/jupyter_core/utils/__init__.py", line 165, in wrapped
    return loop.run_until_complete(inner)
           ^^^^^^^^^^^^^^^^^^^^^^^^^^^^^^
  File "/Users/ryozawau/anaconda3/envs/jupyterbook/lib/python3.12/asyncio/base_events.py", line 684, in run_until_complete
    return future.result()
           ^^^^^^^^^^^^^^^
  File "/Users/ryozawau/anaconda3/envs/jupyterbook/lib/python3.12/site-packages/nbclient/client.py", line 705, in async_execute
    await self.async_execute_cell(
  File "/Users/ryozawau/anaconda3/envs/jupyterbook/lib/python3.12/site-packages/nbclient/client.py", line 1058, in async_execute_cell
    await self._check_raise_for_error(cell, cell_index, exec_reply)
  File "/Users/ryozawau/anaconda3/envs/jupyterbook/lib/python3.12/site-packages/nbclient/client.py", line 914, in _check_raise_for_error
    raise CellExecutionError.from_cell_and_msg(cell, exec_reply_content)
nbclient.exceptions.CellExecutionError: An error occurred while executing the following cell:
------------------
import re
import pickle
from collections import Counter
import numpy as np
import numpy as np
import torch
import torch.optim as optim
import torch.nn as nn
import torch.nn.functional as F
from torch.utils.data import DataLoader, Dataset
from torch.utils.tensorboard import SummaryWriter

with open("./Data/dokujo-tsushin.txt", mode="r",encoding="utf-8") as f:
    corpus = []
    for line in f:
        cleaned_line = line.replace('\u3000', '').replace('\n', '')
        if cleaned_line!="":
            corpus.append(cleaned_line)
------------------


[0;31m---------------------------------------------------------------------------[0m
[0;31mModuleNotFoundError[0m                       Traceback (most recent call last)
Cell [0;32mIn[1], line 11[0m
[1;32m      9[0m [38;5;28;01mimport[39;00m [38;5;21;01mtorch[39;00m[38;5;21;01m.[39;00m[38;5;21;01mnn[39;00m[38;5;21;01m.[39;00m[38;5;21;01mfunctional[39;00m [38;5;28;01mas[39;00m [38;5;21;01mF[39;00m
[1;32m     10[0m [38;5;28;01mfrom[39;00m [38;5;21;01mtorch[39;00m[38;5;21;01m.[39;00m[38;5;21;01mutils[39;00m[38;5;21;01m.[39;00m[38;5;21;01mdata[39;00m [38;5;28;01mimport[39;00m DataLoader, Dataset
[0;32m---> 11[0m [38;5;28;01mfrom[39;00m [38;5;21;01mtorch[39;00m[38;5;21;01m.[39;00m[38;5;21;01mutils[39;00m[38;5;21;01m.[39;00m[38;5;21;01mtensorboard[39;00m [38;5;28;01mimport[39;00m SummaryWriter
[1;32m     13[0m [38;5;28;01mwith[39;00m [38;5;28mopen[39m([38;5;124m"[39m[38;5;124m./Data/dokujo-tsushin.txt[39m[38;5;124m"[39m, mode[38;5;241m=[39m[38;5;124m"[39m[38;5;124mr[39m[38;5;124m"[39m,encoding[38;5;241m=[39m[38;5;124m"[39m[38;5;124mutf-8[39m[38;5;124m"[39m) [38;5;28;01mas[39;00m f:
[1;32m     14[0m     corpus [38;5;241m=[39m []

File [0;32m~/anaconda3/envs/jupyterbook/lib/python3.12/site-packages/torch/utils/tensorboard/__init__.py:1[0m
[0;32m----> 1[0m [38;5;28;01mimport[39;00m [38;5;21;01mtensorboard[39;00m
[1;32m      2[0m [38;5;28;01mfrom[39;00m [38;5;21;01mtorch[39;00m[38;5;21;01m.[39;00m[38;5;21;01m_vendor[39;00m[38;5;21;01m.[39;00m[38;5;21;01mpackaging[39;00m[38;5;21;01m.[39;00m[38;5;21;01mversion[39;00m [38;5;28;01mimport[39;00m Version
[1;32m      4[0m [38;5;28;01mif[39;00m [38;5;129;01mnot[39;00m [38;5;28mhasattr[39m(tensorboard, [38;5;124m"[39m[38;5;124m__version__[39m[38;5;124m"[39m) [38;5;129;01mor[39;00m Version(
[1;32m      5[0m     tensorboard[38;5;241m.[39m__version__
[1;32m      6[0m ) [38;5;241m<[39m Version([38;5;124m"[39m[38;5;124m1.15[39m[38;5;124m"[39m):

[0;31mModuleNotFoundError[0m: No module named 'tensorboard'

