Traceback (most recent call last):
  File "/Users/ryozawau/anaconda3/envs/jupyterbook/lib/python3.12/site-packages/jupyter_cache/executors/utils.py", line 58, in single_nb_execution
    executenb(
  File "/Users/ryozawau/anaconda3/envs/jupyterbook/lib/python3.12/site-packages/nbclient/client.py", line 1305, in execute
    return NotebookClient(nb=nb, resources=resources, km=km, **kwargs).execute()
           ^^^^^^^^^^^^^^^^^^^^^^^^^^^^^^^^^^^^^^^^^^^^^^^^^^^^^^^^^^^^^^^^^^^^^
  File "/Users/ryozawau/anaconda3/envs/jupyterbook/lib/python3.12/site-packages/jupyter_core/utils/__init__.py", line 165, in wrapped
    return loop.run_until_complete(inner)
           ^^^^^^^^^^^^^^^^^^^^^^^^^^^^^^
  File "/Users/ryozawau/anaconda3/envs/jupyterbook/lib/python3.12/asyncio/base_events.py", line 684, in run_until_complete
    return future.result()
           ^^^^^^^^^^^^^^^
  File "/Users/ryozawau/anaconda3/envs/jupyterbook/lib/python3.12/site-packages/nbclient/client.py", line 705, in async_execute
    await self.async_execute_cell(
  File "/Users/ryozawau/anaconda3/envs/jupyterbook/lib/python3.12/site-packages/nbclient/client.py", line 1058, in async_execute_cell
    await self._check_raise_for_error(cell, cell_index, exec_reply)
  File "/Users/ryozawau/anaconda3/envs/jupyterbook/lib/python3.12/site-packages/nbclient/client.py", line 914, in _check_raise_for_error
    raise CellExecutionError.from_cell_and_msg(cell, exec_reply_content)
nbclient.exceptions.CellExecutionError: An error occurred while executing the following cell:
------------------
from gensim.models import Word2Vec

sample_sents = [['you', 'say', 'goodbye', 'and', 'I', "say", "hello" '.']]
model = Word2Vec(sentences=sample_sents, vector_size=5, window=1, min_count=1)
------------------


[0;31m---------------------------------------------------------------------------[0m
[0;31mModuleNotFoundError[0m                       Traceback (most recent call last)
Cell [0;32mIn[2], line 1[0m
[0;32m----> 1[0m [38;5;28;01mfrom[39;00m [38;5;21;01mgensim[39;00m[38;5;21;01m.[39;00m[38;5;21;01mmodels[39;00m [38;5;28;01mimport[39;00m Word2Vec
[1;32m      3[0m sample_sents [38;5;241m=[39m [[[38;5;124m'[39m[38;5;124myou[39m[38;5;124m'[39m, [38;5;124m'[39m[38;5;124msay[39m[38;5;124m'[39m, [38;5;124m'[39m[38;5;124mgoodbye[39m[38;5;124m'[39m, [38;5;124m'[39m[38;5;124mand[39m[38;5;124m'[39m, [38;5;124m'[39m[38;5;124mI[39m[38;5;124m'[39m, [38;5;124m"[39m[38;5;124msay[39m[38;5;124m"[39m, [38;5;124m"[39m[38;5;124mhello[39m[38;5;124m"[39m [38;5;124m'[39m[38;5;124m.[39m[38;5;124m'[39m]]
[1;32m      4[0m model [38;5;241m=[39m Word2Vec(sentences[38;5;241m=[39msample_sents, vector_size[38;5;241m=[39m[38;5;241m5[39m, window[38;5;241m=[39m[38;5;241m1[39m, min_count[38;5;241m=[39m[38;5;241m1[39m)

[0;31mModuleNotFoundError[0m: No module named 'gensim'

