Traceback (most recent call last):
  File "/opt/anaconda3/envs/jupyterbook/lib/python3.10/site-packages/jupyter_cache/executors/utils.py", line 51, in single_nb_execution
    executenb(
  File "/opt/anaconda3/envs/jupyterbook/lib/python3.10/site-packages/nbclient/client.py", line 1204, in execute
    return NotebookClient(nb=nb, resources=resources, km=km, **kwargs).execute()
  File "/opt/anaconda3/envs/jupyterbook/lib/python3.10/site-packages/nbclient/util.py", line 84, in wrapped
    return just_run(coro(*args, **kwargs))
  File "/opt/anaconda3/envs/jupyterbook/lib/python3.10/site-packages/nbclient/util.py", line 62, in just_run
    return loop.run_until_complete(coro)
  File "/opt/anaconda3/envs/jupyterbook/lib/python3.10/asyncio/base_events.py", line 649, in run_until_complete
    return future.result()
  File "/opt/anaconda3/envs/jupyterbook/lib/python3.10/site-packages/nbclient/client.py", line 663, in async_execute
    await self.async_execute_cell(
  File "/opt/anaconda3/envs/jupyterbook/lib/python3.10/site-packages/nbclient/client.py", line 965, in async_execute_cell
    await self._check_raise_for_error(cell, cell_index, exec_reply)
  File "/opt/anaconda3/envs/jupyterbook/lib/python3.10/site-packages/nbclient/client.py", line 862, in _check_raise_for_error
    raise CellExecutionError.from_cell_and_msg(cell, exec_reply_content)
nbclient.exceptions.CellExecutionError: An error occurred while executing the following cell:
------------------
from bertopic import BERTopic

topic_model = BERTopic(language="english", calculate_probabilities=True, verbose=True)
topics, probs = topic_model.fit_transform(docs)
------------------

[0;31m---------------------------------------------------------------------------[0m
[0;31mImportError[0m                               Traceback (most recent call last)
Cell [0;32mIn[4], line 1[0m
[0;32m----> 1[0m [38;5;28;01mfrom[39;00m [38;5;21;01mbertopic[39;00m [38;5;28;01mimport[39;00m BERTopic
[1;32m      3[0m topic_model [38;5;241m=[39m BERTopic(language[38;5;241m=[39m[38;5;124m"[39m[38;5;124menglish[39m[38;5;124m"[39m, calculate_probabilities[38;5;241m=[39m[38;5;28;01mTrue[39;00m, verbose[38;5;241m=[39m[38;5;28;01mTrue[39;00m)
[1;32m      4[0m topics, probs [38;5;241m=[39m topic_model[38;5;241m.[39mfit_transform(docs)

File [0;32m/opt/anaconda3/envs/jupyterbook/lib/python3.10/site-packages/bertopic/__init__.py:1[0m
[0;32m----> 1[0m [38;5;28;01mfrom[39;00m [38;5;21;01mbertopic[39;00m[38;5;21;01m.[39;00m[38;5;21;01m_bertopic[39;00m [38;5;28;01mimport[39;00m BERTopic
[1;32m      3[0m __version__ [38;5;241m=[39m [38;5;124m"[39m[38;5;124m0.16.0[39m[38;5;124m"[39m
[1;32m      5[0m __all__ [38;5;241m=[39m [
[1;32m      6[0m     [38;5;124m"[39m[38;5;124mBERTopic[39m[38;5;124m"[39m,
[1;32m      7[0m ]

File [0;32m/opt/anaconda3/envs/jupyterbook/lib/python3.10/site-packages/bertopic/_bertopic.py:38[0m
[1;32m     36[0m [38;5;66;03m# Models[39;00m
[1;32m     37[0m [38;5;28;01mimport[39;00m [38;5;21;01mhdbscan[39;00m
[0;32m---> 38[0m [38;5;28;01mfrom[39;00m [38;5;21;01mumap[39;00m [38;5;28;01mimport[39;00m UMAP
[1;32m     39[0m [38;5;28;01mfrom[39;00m [38;5;21;01msklearn[39;00m[38;5;21;01m.[39;00m[38;5;21;01mpreprocessing[39;00m [38;5;28;01mimport[39;00m normalize
[1;32m     40[0m [38;5;28;01mfrom[39;00m [38;5;21;01msklearn[39;00m [38;5;28;01mimport[39;00m __version__ [38;5;28;01mas[39;00m sklearn_version

File [0;32m/opt/anaconda3/envs/jupyterbook/lib/python3.10/site-packages/umap/__init__.py:2[0m
[1;32m      1[0m [38;5;28;01mfrom[39;00m [38;5;21;01mwarnings[39;00m [38;5;28;01mimport[39;00m warn, catch_warnings, simplefilter
[0;32m----> 2[0m [38;5;28;01mfrom[39;00m [38;5;21;01m.[39;00m[38;5;21;01mumap_[39;00m [38;5;28;01mimport[39;00m UMAP
[1;32m      4[0m [38;5;28;01mtry[39;00m:
[1;32m      5[0m     [38;5;28;01mwith[39;00m catch_warnings():

File [0;32m/opt/anaconda3/envs/jupyterbook/lib/python3.10/site-packages/umap/umap_.py:29[0m
[1;32m     27[0m [38;5;28;01mfrom[39;00m [38;5;21;01mscipy[39;00m[38;5;21;01m.[39;00m[38;5;21;01msparse[39;00m [38;5;28;01mimport[39;00m tril [38;5;28;01mas[39;00m sparse_tril, triu [38;5;28;01mas[39;00m sparse_triu
[1;32m     28[0m [38;5;28;01mimport[39;00m [38;5;21;01mscipy[39;00m[38;5;21;01m.[39;00m[38;5;21;01msparse[39;00m[38;5;21;01m.[39;00m[38;5;21;01mcsgraph[39;00m
[0;32m---> 29[0m [38;5;28;01mimport[39;00m [38;5;21;01mnumba[39;00m
[1;32m     31[0m [38;5;28;01mimport[39;00m [38;5;21;01mumap[39;00m[38;5;21;01m.[39;00m[38;5;21;01mdistances[39;00m [38;5;28;01mas[39;00m [38;5;21;01mdist[39;00m
[1;32m     33[0m [38;5;28;01mimport[39;00m [38;5;21;01mumap[39;00m[38;5;21;01m.[39;00m[38;5;21;01msparse[39;00m [38;5;28;01mas[39;00m [38;5;21;01msparse[39;00m

File [0;32m/opt/anaconda3/envs/jupyterbook/lib/python3.10/site-packages/numba/__init__.py:55[0m
[1;32m     50[0m             msg [38;5;241m=[39m ([38;5;124m"[39m[38;5;124mNumba requires SciPy version 1.0 or greater. Got SciPy [39m[38;5;124m"[39m
[1;32m     51[0m                    [38;5;124mf[39m[38;5;124m"[39m[38;5;132;01m{[39;00mscipy[38;5;241m.[39m__version__[38;5;132;01m}[39;00m[38;5;124m.[39m[38;5;124m"[39m)
[1;32m     52[0m             [38;5;28;01mraise[39;00m [38;5;167;01mImportError[39;00m(msg)
[0;32m---> 55[0m [43m_ensure_critical_deps[49m[43m([49m[43m)[49m
[1;32m     56[0m [38;5;66;03m# END DO NOT MOVE[39;00m
[1;32m     57[0m [38;5;66;03m# ---------------------- WARNING WARNING WARNING ----------------------------[39;00m
[1;32m     60[0m [38;5;28;01mfrom[39;00m [38;5;21;01m.[39;00m[38;5;21;01m_version[39;00m [38;5;28;01mimport[39;00m get_versions

File [0;32m/opt/anaconda3/envs/jupyterbook/lib/python3.10/site-packages/numba/__init__.py:40[0m, in [0;36m_ensure_critical_deps[0;34m()[0m
[1;32m     37[0m [38;5;28;01mif[39;00m numpy_version [38;5;241m<[39m ([38;5;241m1[39m, [38;5;241m22[39m):
[1;32m     38[0m     msg [38;5;241m=[39m ([38;5;124mf[39m[38;5;124m"[39m[38;5;124mNumba needs NumPy 1.22 or greater. Got NumPy [39m[38;5;124m"[39m
[1;32m     39[0m            [38;5;124mf[39m[38;5;124m"[39m[38;5;132;01m{[39;00mnumpy_version[[38;5;241m0[39m][38;5;132;01m}[39;00m[38;5;124m.[39m[38;5;132;01m{[39;00mnumpy_version[[38;5;241m1[39m][38;5;132;01m}[39;00m[38;5;124m.[39m[38;5;124m"[39m)
[0;32m---> 40[0m     [38;5;28;01mraise[39;00m [38;5;167;01mImportError[39;00m(msg)
[1;32m     41[0m [38;5;28;01melif[39;00m numpy_version [38;5;241m>[39m ([38;5;241m1[39m, [38;5;241m26[39m):
[1;32m     42[0m     [38;5;28;01mraise[39;00m [38;5;167;01mImportError[39;00m([38;5;124m"[39m[38;5;124mNumba needs NumPy 1.26 or less[39m[38;5;124m"[39m)

[0;31mImportError[0m: Numba needs NumPy 1.22 or greater. Got NumPy 1.21.
ImportError: Numba needs NumPy 1.22 or greater. Got NumPy 1.21.

