Traceback (most recent call last):
  File "/opt/anaconda3/envs/jupyterbook/lib/python3.10/site-packages/jupyter_cache/executors/utils.py", line 51, in single_nb_execution
    executenb(
  File "/opt/anaconda3/envs/jupyterbook/lib/python3.10/site-packages/nbclient/client.py", line 1204, in execute
    return NotebookClient(nb=nb, resources=resources, km=km, **kwargs).execute()
  File "/opt/anaconda3/envs/jupyterbook/lib/python3.10/site-packages/nbclient/util.py", line 84, in wrapped
    return just_run(coro(*args, **kwargs))
  File "/opt/anaconda3/envs/jupyterbook/lib/python3.10/site-packages/nbclient/util.py", line 62, in just_run
    return loop.run_until_complete(coro)
  File "/opt/anaconda3/envs/jupyterbook/lib/python3.10/asyncio/base_events.py", line 649, in run_until_complete
    return future.result()
  File "/opt/anaconda3/envs/jupyterbook/lib/python3.10/site-packages/nbclient/client.py", line 663, in async_execute
    await self.async_execute_cell(
  File "/opt/anaconda3/envs/jupyterbook/lib/python3.10/site-packages/nbclient/client.py", line 965, in async_execute_cell
    await self._check_raise_for_error(cell, cell_index, exec_reply)
  File "/opt/anaconda3/envs/jupyterbook/lib/python3.10/site-packages/nbclient/client.py", line 862, in _check_raise_for_error
    raise CellExecutionError.from_cell_and_msg(cell, exec_reply_content)
nbclient.exceptions.CellExecutionError: An error occurred while executing the following cell:
------------------
# å˜èªžIDã‚’æŒ‡å®šã™ã‚‹ã¨å˜èªžã‚’è¿”ã™
print(id_to_word)
print(id_to_word[5])

# å˜èªžã‚’æŒ‡å®šã™ã‚‹ã¨å˜èªžIDã‚’è¿”ã™
print(word_to_id)
print(word_to_id['hello'])
------------------

[0;31m---------------------------------------------------------------------------[0m
[0;31mKeyError[0m                                  Traceback (most recent call last)
Cell [0;32mIn[4], line 7[0m
[1;32m      5[0m [38;5;66;03m# å˜èªžã‚’æŒ‡å®šã™ã‚‹ã¨å˜èªžIDã‚’è¿”ã™[39;00m
[1;32m      6[0m [38;5;28mprint[39m(word_to_id)
[0;32m----> 7[0m [38;5;28mprint[39m([43mword_to_id[49m[43m[[49m[38;5;124;43m'[39;49m[38;5;124;43mhello[39;49m[38;5;124;43m'[39;49m[43m][49m)

[0;31mKeyError[0m: 'hello'
KeyError: 'hello'

