Traceback (most recent call last):
  File "/Users/ryozawau/anaconda3/envs/jupyterbook/lib/python3.12/site-packages/jupyter_cache/executors/utils.py", line 58, in single_nb_execution
    executenb(
  File "/Users/ryozawau/anaconda3/envs/jupyterbook/lib/python3.12/site-packages/nbclient/client.py", line 1305, in execute
    return NotebookClient(nb=nb, resources=resources, km=km, **kwargs).execute()
           ^^^^^^^^^^^^^^^^^^^^^^^^^^^^^^^^^^^^^^^^^^^^^^^^^^^^^^^^^^^^^^^^^^^^^
  File "/Users/ryozawau/anaconda3/envs/jupyterbook/lib/python3.12/site-packages/jupyter_core/utils/__init__.py", line 165, in wrapped
    return loop.run_until_complete(inner)
           ^^^^^^^^^^^^^^^^^^^^^^^^^^^^^^
  File "/Users/ryozawau/anaconda3/envs/jupyterbook/lib/python3.12/asyncio/base_events.py", line 684, in run_until_complete
    return future.result()
           ^^^^^^^^^^^^^^^
  File "/Users/ryozawau/anaconda3/envs/jupyterbook/lib/python3.12/site-packages/nbclient/client.py", line 705, in async_execute
    await self.async_execute_cell(
  File "/Users/ryozawau/anaconda3/envs/jupyterbook/lib/python3.12/site-packages/nbclient/client.py", line 1058, in async_execute_cell
    await self._check_raise_for_error(cell, cell_index, exec_reply)
  File "/Users/ryozawau/anaconda3/envs/jupyterbook/lib/python3.12/site-packages/nbclient/client.py", line 914, in _check_raise_for_error
    raise CellExecutionError.from_cell_and_msg(cell, exec_reply_content)
nbclient.exceptions.CellExecutionError: An error occurred while executing the following cell:
------------------
model.forward(torch.tensor(contexts))
------------------


[0;31m---------------------------------------------------------------------------[0m
[0;31mIndexError[0m                                Traceback (most recent call last)
Cell [0;32mIn[14], line 1[0m
[0;32m----> 1[0m [43mmodel[49m[38;5;241;43m.[39;49m[43mforward[49m[43m([49m[43mtorch[49m[38;5;241;43m.[39;49m[43mtensor[49m[43m([49m[43mcontexts[49m[43m)[49m[43m)[49m

Cell [0;32mIn[12], line 26[0m, in [0;36mSimpleCBOW.forward[0;34m(self, contexts)[0m
[1;32m     23[0m [38;5;28;01mdef[39;00m [38;5;21mforward[39m([38;5;28mself[39m, contexts):
[1;32m     24[0m     [38;5;66;03m# å…¥åŠ›å±¤ã‹ã‚‰ä¸­é–“å±¤ã¸ã®é †ä¼æ’­[39;00m
[1;32m     25[0m     [38;5;66;03m# contextsã¯å‘¨å›²ã®å˜èªžã®ã‚¤ãƒ³ãƒ‡ãƒƒã‚¯ã‚¹ã®ãƒãƒƒãƒ[39;00m
[0;32m---> 26[0m     embeds [38;5;241m=[39m [38;5;28;43mself[39;49m[38;5;241;43m.[39;49m[43min_layer[49m[43m([49m[43mcontexts[49m[43m)[49m  [38;5;66;03m# åŸ‹ã‚è¾¼ã¿ãƒ¬ã‚¤ãƒ¤ãƒ¼ã‚’é©ç”¨[39;00m
[1;32m     27[0m     h [38;5;241m=[39m embeds[38;5;241m.[39mmean(dim[38;5;241m=[39m[38;5;241m1[39m)  [38;5;66;03m# åŸ‹ã‚è¾¼ã¿ã®å¹³å‡ã‚’å–ã‚‹[39;00m
[1;32m     28[0m     h [38;5;241m=[39m [38;5;28mself[39m[38;5;241m.[39mmiddle_layer(h)  [38;5;66;03m# ä¸­é–“å±¤ã«é©ç”¨[39;00m

File [0;32m~/anaconda3/envs/jupyterbook/lib/python3.12/site-packages/torch/nn/modules/module.py:1553[0m, in [0;36mModule._wrapped_call_impl[0;34m(self, *args, **kwargs)[0m
[1;32m   1551[0m     [38;5;28;01mreturn[39;00m [38;5;28mself[39m[38;5;241m.[39m_compiled_call_impl([38;5;241m*[39margs, [38;5;241m*[39m[38;5;241m*[39mkwargs)  [38;5;66;03m# type: ignore[misc][39;00m
[1;32m   1552[0m [38;5;28;01melse[39;00m:
[0;32m-> 1553[0m     [38;5;28;01mreturn[39;00m [38;5;28;43mself[39;49m[38;5;241;43m.[39;49m[43m_call_impl[49m[43m([49m[38;5;241;43m*[39;49m[43margs[49m[43m,[49m[43m [49m[38;5;241;43m*[39;49m[38;5;241;43m*[39;49m[43mkwargs[49m[43m)[49m

File [0;32m~/anaconda3/envs/jupyterbook/lib/python3.12/site-packages/torch/nn/modules/module.py:1562[0m, in [0;36mModule._call_impl[0;34m(self, *args, **kwargs)[0m
[1;32m   1557[0m [38;5;66;03m# If we don't have any hooks, we want to skip the rest of the logic in[39;00m
[1;32m   1558[0m [38;5;66;03m# this function, and just call forward.[39;00m
[1;32m   1559[0m [38;5;28;01mif[39;00m [38;5;129;01mnot[39;00m ([38;5;28mself[39m[38;5;241m.[39m_backward_hooks [38;5;129;01mor[39;00m [38;5;28mself[39m[38;5;241m.[39m_backward_pre_hooks [38;5;129;01mor[39;00m [38;5;28mself[39m[38;5;241m.[39m_forward_hooks [38;5;129;01mor[39;00m [38;5;28mself[39m[38;5;241m.[39m_forward_pre_hooks
[1;32m   1560[0m         [38;5;129;01mor[39;00m _global_backward_pre_hooks [38;5;129;01mor[39;00m _global_backward_hooks
[1;32m   1561[0m         [38;5;129;01mor[39;00m _global_forward_hooks [38;5;129;01mor[39;00m _global_forward_pre_hooks):
[0;32m-> 1562[0m     [38;5;28;01mreturn[39;00m [43mforward_call[49m[43m([49m[38;5;241;43m*[39;49m[43margs[49m[43m,[49m[43m [49m[38;5;241;43m*[39;49m[38;5;241;43m*[39;49m[43mkwargs[49m[43m)[49m
[1;32m   1564[0m [38;5;28;01mtry[39;00m:
[1;32m   1565[0m     result [38;5;241m=[39m [38;5;28;01mNone[39;00m

File [0;32m~/anaconda3/envs/jupyterbook/lib/python3.12/site-packages/torch/nn/modules/sparse.py:164[0m, in [0;36mEmbedding.forward[0;34m(self, input)[0m
[1;32m    163[0m [38;5;28;01mdef[39;00m [38;5;21mforward[39m([38;5;28mself[39m, [38;5;28minput[39m: Tensor) [38;5;241m-[39m[38;5;241m>[39m Tensor:
[0;32m--> 164[0m     [38;5;28;01mreturn[39;00m [43mF[49m[38;5;241;43m.[39;49m[43membedding[49m[43m([49m
[1;32m    165[0m [43m        [49m[38;5;28;43minput[39;49m[43m,[49m[43m [49m[38;5;28;43mself[39;49m[38;5;241;43m.[39;49m[43mweight[49m[43m,[49m[43m [49m[38;5;28;43mself[39;49m[38;5;241;43m.[39;49m[43mpadding_idx[49m[43m,[49m[43m [49m[38;5;28;43mself[39;49m[38;5;241;43m.[39;49m[43mmax_norm[49m[43m,[49m
[1;32m    166[0m [43m        [49m[38;5;28;43mself[39;49m[38;5;241;43m.[39;49m[43mnorm_type[49m[43m,[49m[43m [49m[38;5;28;43mself[39;49m[38;5;241;43m.[39;49m[43mscale_grad_by_freq[49m[43m,[49m[43m [49m[38;5;28;43mself[39;49m[38;5;241;43m.[39;49m[43msparse[49m[43m)[49m

File [0;32m~/anaconda3/envs/jupyterbook/lib/python3.12/site-packages/torch/nn/functional.py:2267[0m, in [0;36membedding[0;34m(input, weight, padding_idx, max_norm, norm_type, scale_grad_by_freq, sparse)[0m
[1;32m   2261[0m     [38;5;66;03m# Note [embedding_renorm set_grad_enabled][39;00m
[1;32m   2262[0m     [38;5;66;03m# XXX: equivalent to[39;00m
[1;32m   2263[0m     [38;5;66;03m# with torch.no_grad():[39;00m
[1;32m   2264[0m     [38;5;66;03m#   torch.embedding_renorm_[39;00m
[1;32m   2265[0m     [38;5;66;03m# remove once script supports set_grad_enabled[39;00m
[1;32m   2266[0m     _no_grad_embedding_renorm_(weight, [38;5;28minput[39m, max_norm, norm_type)
[0;32m-> 2267[0m [38;5;28;01mreturn[39;00m [43mtorch[49m[38;5;241;43m.[39;49m[43membedding[49m[43m([49m[43mweight[49m[43m,[49m[43m [49m[38;5;28;43minput[39;49m[43m,[49m[43m [49m[43mpadding_idx[49m[43m,[49m[43m [49m[43mscale_grad_by_freq[49m[43m,[49m[43m [49m[43msparse[49m[43m)[49m

[0;31mIndexError[0m: index out of range in self

